<?xml version="1.0" encoding="UTF-8"?>
<!-- Generated by org.testng.reporters.JUnitXMLReporter -->
<testsuite ignored="0" hostname="DESKTOP-DSB6Q62" failures="0" tests="6" name="Default test" time="26.568" errors="0" timestamp="2020-08-24T17:12:46 EDT">
  <testcase classname="EST_TimeZone.TestNgExp20" name="LaunchAUT" time="9.619"/>
  <testcase classname="EST_TimeZone.TestNgExp20" name="SendDataactions" time="2.195"/>
  <testcase classname="EST_TimeZone.TestNgExp20" name="senddatausingjavascript" time="4.049"/>
  <testcase classname="EST_TimeZone.TestNgExp20" name="Navigator" time="5.658"/>
  <testcase classname="EST_TimeZone.TestNgExp20" name="scroll" time="4.316"/>
  <testcase classname="EST_TimeZone.TestNgExp20" name="closeAUT" time="0.687"/>
</testsuite> <!-- Default test -->
