<?xml version="1.0" encoding="UTF-8"?>
<!-- Generated by org.testng.reporters.JUnitXMLReporter -->
<testsuite ignored="0" hostname="DESKTOP-DSB6Q62" failures="0" tests="14" name="RegressionTesting" time="0.075" errors="0" timestamp="2020-08-06T13:19:42 EDT">
  <testcase classname="EST_TimeZone.TestNgExp3" name="h" time="0.007"/>
  <testcase classname="EST_TimeZone.TestNgExp3" name="d" time="0.001"/>
  <testcase classname="EST_TimeZone.TestNgExp3" name="y" time="0.001"/>
  <testcase classname="EST_TimeZone.TestNgExp3" name="f" time="0.0"/>
  <testcase classname="EST_TimeZone.TestNgExp3" name="j" time="0.001"/>
  <testcase classname="EST_TimeZone.TestNgExp3" name="k" time="0.001"/>
  <testcase classname="EST_TimeZone.TestNgExp3" name="p" time="0.001"/>
  <testcase classname="EST_TimeZone.TestNgExp2" name="f" time="0.001"/>
  <testcase classname="EST_TimeZone.TestNgExp2" name="g" time="0.001"/>
  <testcase classname="EST_TimeZone.TestNgExp2" name="h" time="0.001"/>
  <testcase classname="EST_TimeZone.TestNgExp2" name="l" time="0.001"/>
  <testcase classname="EST_TimeZone.TestNgExp1" name="PrintMsg" time="0.002"/>
  <testcase classname="EST_TimeZone.TestNgExp1" name="Sayyouraddress" time="0.001"/>
  <testcase classname="EST_TimeZone.TestNgExp1" name="work" time="0.001"/>
</testsuite> <!-- RegressionTesting -->
