<?xml version="1.0" encoding="UTF-8"?>
<!-- Generated by org.testng.reporters.JUnitXMLReporter -->
<testsuite ignored="0" hostname="DESKTOP-DSB6Q62" failures="0" tests="19" name="Regression" time="0.087" errors="0" timestamp="2020-08-07T11:01:50 EDT">
  <testcase classname="EST_TimeZone.TestNgExp6" name="PrintSomething" time="0.007"/>
  <testcase classname="EST_TimeZone.TestNgExp6" name="SayHello" time="0.001"/>
  <testcase classname="EST_TimeZone.TestNgExp5" name="PrimaryTc02" time="0.001"/>
  <testcase classname="EST_TimeZone.TestNgExp5" name="SuperClassTc01" time="0.001"/>
  <testcase classname="EST_TimeZone.TestNgExp4" name="f" time="0.001"/>
  <testcase classname="EST_TimeZone.TestNgExp3" name="h" time="0.001"/>
  <testcase classname="EST_TimeZone.TestNgExp3" name="d" time="0.001"/>
  <testcase classname="EST_TimeZone.TestNgExp3" name="y" time="0.001"/>
  <testcase classname="EST_TimeZone.TestNgExp3" name="f" time="0.001"/>
  <testcase classname="EST_TimeZone.TestNgExp3" name="j" time="0.001"/>
  <testcase classname="EST_TimeZone.TestNgExp3" name="k" time="0.001"/>
  <testcase classname="EST_TimeZone.TestNgExp3" name="p" time="0.001"/>
  <testcase classname="EST_TimeZone.TestNgExp2" name="f" time="0.001"/>
  <testcase classname="EST_TimeZone.TestNgExp2" name="g" time="0.001"/>
  <testcase classname="EST_TimeZone.TestNgExp2" name="h" time="0.001"/>
  <testcase classname="EST_TimeZone.TestNgExp2" name="l" time="0.0"/>
  <testcase classname="EST_TimeZone.TestNgExp1" name="PrintMsg" time="0.001"/>
  <testcase classname="EST_TimeZone.TestNgExp1" name="Sayyouraddress" time="0.0"/>
  <testcase classname="EST_TimeZone.TestNgExp1" name="work" time="0.002"/>
</testsuite> <!-- Regression -->
