<?xml version="1.0" encoding="UTF-8"?>
<testng-results ignored="0" total="6" passed="6" failed="0" skipped="0">
  <reporter-output>
  </reporter-output>
  <suite started-at="2020-08-24T17:12:20 EDT" name="Default suite" finished-at="2020-08-24T17:12:46 EDT" duration-ms="26568">
    <groups>
    </groups>
    <test started-at="2020-08-24T17:12:20 EDT" name="Default test" finished-at="2020-08-24T17:12:46 EDT" duration-ms="26568">
      <class name="EST_TimeZone.TestNgExp20">
        <test-method signature="LaunchAUT()[pri:1, instance:EST_TimeZone.TestNgExp20@a2431d0]" started-at="2020-08-24T17:12:20 EDT" name="LaunchAUT" finished-at="2020-08-24T17:12:29 EDT" duration-ms="9619" status="PASS">
          <reporter-output>
          </reporter-output>
        </test-method> <!-- LaunchAUT -->
        <test-method signature="SendDataactions()[pri:2, instance:EST_TimeZone.TestNgExp20@a2431d0]" started-at="2020-08-24T17:12:29 EDT" name="SendDataactions" finished-at="2020-08-24T17:12:32 EDT" duration-ms="2195" status="PASS">
          <reporter-output>
          </reporter-output>
        </test-method> <!-- SendDataactions -->
        <test-method signature="senddatausingjavascript()[pri:3, instance:EST_TimeZone.TestNgExp20@a2431d0]" started-at="2020-08-24T17:12:32 EDT" name="senddatausingjavascript" finished-at="2020-08-24T17:12:36 EDT" duration-ms="4049" status="PASS">
          <reporter-output>
          </reporter-output>
        </test-method> <!-- senddatausingjavascript -->
        <test-method signature="Navigator()[pri:4, instance:EST_TimeZone.TestNgExp20@a2431d0]" started-at="2020-08-24T17:12:36 EDT" name="Navigator" finished-at="2020-08-24T17:12:41 EDT" duration-ms="5658" status="PASS">
          <reporter-output>
          </reporter-output>
        </test-method> <!-- Navigator -->
        <test-method signature="scroll()[pri:5, instance:EST_TimeZone.TestNgExp20@a2431d0]" started-at="2020-08-24T17:12:41 EDT" name="scroll" finished-at="2020-08-24T17:12:46 EDT" duration-ms="4316" status="PASS">
          <reporter-output>
          </reporter-output>
        </test-method> <!-- scroll -->
        <test-method signature="closeAUT()[pri:6, instance:EST_TimeZone.TestNgExp20@a2431d0]" started-at="2020-08-24T17:12:46 EDT" name="closeAUT" finished-at="2020-08-24T17:12:46 EDT" duration-ms="687" status="PASS">
          <reporter-output>
          </reporter-output>
        </test-method> <!-- closeAUT -->
      </class> <!-- EST_TimeZone.TestNgExp20 -->
    </test> <!-- Default test -->
  </suite> <!-- Default suite -->
</testng-results>
